android/app/build/intermediates/manifest_merge_blame_file/release/manifest-merger-blame-release-report.txt
1<?xml version="1.0" encoding="utf-8"?>
2<manifest xmlns:android="http://schemas.android.com/apk/res/android"
3    package="com.adcuratioproject"
4    android:versionCode="1"
5    android:versionName="1.0" >
6
7    <uses-sdk
8        android:minSdkVersion="21"
8-->src/main/AndroidManifest.xml
9        android:targetSdkVersion="31" />
9-->src/main/AndroidManifest.xml
10
11    <uses-permission android:name="android.permission.INTERNET" />
11-->src/main/AndroidManifest.xml:4:5-67
11-->src/main/AndroidManifest.xml:4:22-64
12
13    <queries>
13-->[:react-native-inappbrowser-reborn] AndroidManifest.xml:11:5-15:15
14        <intent>
14-->[:react-native-inappbrowser-reborn] AndroidManifest.xml:12:9-14:18
15            <action android:name="android.support.customtabs.action.CustomTabsService" />
15-->[:react-native-inappbrowser-reborn] AndroidManifest.xml:13:13-90
15-->[:react-native-inappbrowser-reborn] AndroidManifest.xml:13:21-87
16        </intent>
17    </queries>
18
19    <application
19-->src/main/AndroidManifest.xml:6:5-31:19
20        android:name="com.adcuratioproject.MainApplication"
20-->src/main/AndroidManifest.xml:7:7-38
21        android:allowBackup="false"
21-->src/main/AndroidManifest.xml:11:7-34
22        android:appComponentFactory="androidx.core.app.CoreComponentFactory"
22-->[androidx.core:core:1.7.0] AndroidManifest.xml:24:18-86
23        android:icon="@mipmap/ic_launcher"
23-->src/main/AndroidManifest.xml:9:7-41
24        android:label="@string/app_name"
24-->src/main/AndroidManifest.xml:8:7-39
25        android:roundIcon="@mipmap/ic_launcher_round"
25-->src/main/AndroidManifest.xml:10:7-52
26        android:theme="@style/AppTheme" >
26-->src/main/AndroidManifest.xml:12:7-38
27        <activity
27-->src/main/AndroidManifest.xml:13:7-30:18
28            android:name="com.adcuratioproject.MainActivity"
28-->src/main/AndroidManifest.xml:14:9-37
29            android:configChanges="keyboard|keyboardHidden|orientation|screenLayout|screenSize|smallestScreenSize|uiMode"
29-->src/main/AndroidManifest.xml:16:9-118
30            android:exported="true"
30-->src/main/AndroidManifest.xml:19:9-32
31            android:label="@string/app_name"
31-->src/main/AndroidManifest.xml:15:9-41
32            android:launchMode="singleTask"
32-->src/main/AndroidManifest.xml:17:9-40
33            android:windowSoftInputMode="adjustResize" >
33-->src/main/AndroidManifest.xml:18:9-51
34            <intent-filter>
34-->src/main/AndroidManifest.xml:20:9-23:25
35                <action android:name="android.intent.action.MAIN" />
35-->src/main/AndroidManifest.xml:21:13-65
35-->src/main/AndroidManifest.xml:21:21-62
36
37                <category android:name="android.intent.category.LAUNCHER" />
37-->src/main/AndroidManifest.xml:22:13-73
37-->src/main/AndroidManifest.xml:22:23-70
38            </intent-filter>
39            <intent-filter>
39-->src/main/AndroidManifest.xml:24:14-29:25
40                <action android:name="android.intent.action.VIEW" />
40-->src/main/AndroidManifest.xml:25:13-65
40-->src/main/AndroidManifest.xml:25:21-62
41
42                <category android:name="android.intent.category.DEFAULT" />
42-->src/main/AndroidManifest.xml:26:13-72
42-->src/main/AndroidManifest.xml:26:23-69
43                <category android:name="android.intent.category.BROWSABLE" />
43-->src/main/AndroidManifest.xml:27:13-74
43-->src/main/AndroidManifest.xml:27:23-71
44
45                <data
45-->src/main/AndroidManifest.xml:28:13-66
46                    android:host="demo"
46-->src/main/AndroidManifest.xml:28:44-63
47                    android:scheme="my-demo" />
47-->src/main/AndroidManifest.xml:28:19-43
48            </intent-filter>
49        </activity>
50        <activity
50-->[:react-native-inappbrowser-reborn] AndroidManifest.xml:18:9-21:20
51            android:name="com.proyecto26.inappbrowser.ChromeTabsManagerActivity"
51-->[:react-native-inappbrowser-reborn] AndroidManifest.xml:19:13-81
52            android:exported="false" >
52-->[:react-native-inappbrowser-reborn] AndroidManifest.xml:20:13-37
53        </activity>
54
55        <provider
55-->[androidx.emoji2:emoji2:1.0.0] AndroidManifest.xml:26:9-34:20
56            android:name="androidx.startup.InitializationProvider"
56-->[androidx.emoji2:emoji2:1.0.0] AndroidManifest.xml:27:13-67
57            android:authorities="com.adcuratioproject.androidx-startup"
57-->[androidx.emoji2:emoji2:1.0.0] AndroidManifest.xml:28:13-68
58            android:exported="false" >
58-->[androidx.emoji2:emoji2:1.0.0] AndroidManifest.xml:29:13-37
59            <meta-data
59-->[androidx.emoji2:emoji2:1.0.0] AndroidManifest.xml:31:13-33:52
60                android:name="androidx.emoji2.text.EmojiCompatInitializer"
60-->[androidx.emoji2:emoji2:1.0.0] AndroidManifest.xml:32:17-75
61                android:value="androidx.startup" />
61-->[androidx.emoji2:emoji2:1.0.0] AndroidManifest.xml:33:17-49
62            <meta-data
62-->[androidx.lifecycle:lifecycle-process:2.4.0] AndroidManifest.xml:31:13-33:52
63                android:name="androidx.lifecycle.ProcessLifecycleInitializer"
63-->[androidx.lifecycle:lifecycle-process:2.4.0] AndroidManifest.xml:32:17-78
64                android:value="androidx.startup" />
64-->[androidx.lifecycle:lifecycle-process:2.4.0] AndroidManifest.xml:33:17-49
65        </provider>
66    </application>
67
68</manifest>